<?xml version="1.0" encoding="UTF-8"?>
<!-- Generated by org.testng.reporters.JUnitXMLReporter -->
<testsuite ignored="0" hostname="minddec497" failures="0" tests="3" name="Test9" time="7.003" errors="0" timestamp="2022-03-28T09:37:52 GMT+05:30">
  <testcase classname="com.mindtree.runner.Tc009_footer" name="setUp" time="0.004"/>
  <testcase classname="com.mindtree.runner.Tc009_footer" name="openNobroker" time="1.266"/>
  <testcase classname="com.mindtree.runner.Tc009_footer" name="foot" time="4.194"/>
</testsuite> <!-- Test9 -->
