<?xml version="1.0" encoding="UTF-8"?>
<!-- Generated by org.testng.reporters.JUnitXMLReporter -->
<testsuite ignored="0" hostname="minddec497" failures="0" tests="3" name="Test3" time="14.823" errors="0" timestamp="2022-03-28T09:36:10 GMT+05:30">
  <testcase classname="com.mindtree.runner.Tc003_getHotelAddress" name="setUp" time="0.004"/>
  <testcase classname="com.mindtree.runner.Tc003_getHotelAddress" name="openNobroker" time="1.645"/>
  <testcase classname="com.mindtree.runner.Tc003_getHotelAddress" name="getaddress" time="10.59"/>
</testsuite> <!-- Test3 -->
