<?xml version="1.0" encoding="UTF-8"?>
<!-- Generated by org.testng.reporters.JUnitXMLReporter -->
<testsuite ignored="1" hostname="minddec497" failures="4" tests="8" name="Test" time="10.608" errors="0" timestamp="2022-03-24T15:14:59 GMT+05:30">
  <testcase classname="com.mindtree.runner.Login_ToWebsite" name="setUp" time="0.011"/>
  <testcase classname="com.mindtree.runner.Login_ToWebsite" name="openNobroker" time="2.203"/>
  <testcase classname="com.mindtree.runner.Login_ToWebsite" name="Login" time="0.119"/>
  <testcase classname="com.mindtree.runner.Login_ToWebsite" name="enterDetails" time="1.695"/>
  <testcase classname="com.mindtree.runner.Loan_Agreement" name="setUp" time="0.004">
    <failure type="java.lang.NullPointerException" message="Cannot invoke &amp;quot;com.nobroker.utility.Logs.createLogger(java.lang.Class)&amp;quot; because &amp;quot;this.logs&amp;quot; is null">
      <![CDATA[java.lang.NullPointerException: Cannot invoke "com.nobroker.utility.Logs.createLogger(java.lang.Class)" because "this.logs" is null
at com.mindtree.runner.Loan_Agreement.setUp(Loan_Agreement.java:20)
at java.base/java.util.ArrayList.forEach(ArrayList.java:1511)
... Removed 27 stack frames]]>
    </failure>
  </testcase> <!-- setUp -->
  <testcase classname="com.mindtree.runner.Loan_Agreement" name="openNobroker" time="1.532">
    <failure type="java.lang.NullPointerException" message="Cannot invoke &amp;quot;com.nobroker.utility.Logs.enterInfoLog(String)&amp;quot; because &amp;quot;this.logs&amp;quot; is null">
      <![CDATA[java.lang.NullPointerException: Cannot invoke "com.nobroker.utility.Logs.enterInfoLog(String)" because "this.logs" is null
at com.mindtree.runner.Loan_Agreement.openNobroker(Loan_Agreement.java:31)
at java.base/java.util.ArrayList.forEach(ArrayList.java:1511)
... Removed 27 stack frames]]>
    </failure>
  </testcase> <!-- openNobroker -->
  <testcase classname="com.mindtree.runner.Loan_Agreement" name="loanAgreement" time="0.001">
    <failure type="java.lang.NullPointerException" message="Cannot invoke &amp;quot;com.nobroker.utility.Logs.enterInfoLog(String)&amp;quot; because &amp;quot;this.logs&amp;quot; is null">
      <![CDATA[java.lang.NullPointerException: Cannot invoke "com.nobroker.utility.Logs.enterInfoLog(String)" because "this.logs" is null
at com.mindtree.runner.Loan_Agreement.loanAgreement(Loan_Agreement.java:39)
at java.base/java.util.ArrayList.forEach(ArrayList.java:1511)
... Removed 27 stack frames]]>
    </failure>
  </testcase> <!-- loanAgreement -->
  <testcase classname="com.mindtree.runner.Loan_Agreement" name="checkpageTitle" time="0.001">
    <failure type="java.lang.NullPointerException" message="Cannot invoke &amp;quot;com.nobroker.utility.Logs.enterInfoLog(String)&amp;quot; because &amp;quot;this.logs&amp;quot; is null">
      <![CDATA[java.lang.NullPointerException: Cannot invoke "com.nobroker.utility.Logs.enterInfoLog(String)" because "this.logs" is null
at com.mindtree.runner.Loan_Agreement.checkpageTitle(Loan_Agreement.java:46)
at java.base/java.util.ArrayList.forEach(ArrayList.java:1511)
... Removed 27 stack frames]]>
    </failure>
  </testcase> <!-- checkpageTitle -->
  <testcase classname="com.nobroker.utility.BaseClass" name="@BeforeTest required" time="0.0">
    <ignored/>
  </testcase> <!-- @BeforeTest required -->
</testsuite> <!-- Test -->
