<?xml version="1.0" encoding="UTF-8"?>
<!-- Generated by org.testng.reporters.JUnitXMLReporter -->
<testsuite ignored="0" hostname="minddec497" failures="0" tests="3" name="Test8" time="21.316" errors="0" timestamp="2022-03-28T09:37:45 GMT+05:30">
  <testcase classname="com.mindtree.runner.Tc008_Testimonials" name="setUp" time="0.012"/>
  <testcase classname="com.mindtree.runner.Tc008_Testimonials" name="openNobroker" time="1.767"/>
  <testcase classname="com.mindtree.runner.Tc008_Testimonials" name="project" time="17.519"/>
</testsuite> <!-- Test8 -->
