<?xml version="1.0" encoding="UTF-8"?>
<!-- Generated by org.testng.reporters.JUnitXMLReporter -->
<testsuite ignored="0" hostname="minddec497" failures="0" tests="4" name="Test1" time="28.398" errors="0" timestamp="2022-03-28T09:35:50 GMT+05:30">
  <testcase classname="com.mindtree.runner.Tc001_Login_ToWebsite" name="setUp" time="0.013"/>
  <testcase classname="com.mindtree.runner.Tc001_Login_ToWebsite" name="openNobroker" time="21.016"/>
  <testcase classname="com.mindtree.runner.Tc001_Login_ToWebsite" name="Login" time="0.167"/>
  <testcase classname="com.mindtree.runner.Tc001_Login_ToWebsite" name="enterDetails" time="2.167"/>
</testsuite> <!-- Test1 -->
