<?xml version="1.0" encoding="UTF-8"?>
<!-- Generated by org.testng.reporters.JUnitXMLReporter -->
<testsuite ignored="0" hostname="minddec497" failures="1" tests="3" name="Test10" time="2.868" errors="0" timestamp="2022-03-28T09:37:54 GMT+05:30">
  <testcase classname="com.mindtree.runner.Tc010_payrent" name="setUp" time="0.003"/>
  <testcase classname="com.mindtree.runner.Tc010_payrent" name="openNobroker" time="1.288"/>
  <testcase classname="com.mindtree.runner.Tc010_payrent" name="reent" time="0.183">
    <failure type="java.lang.AssertionError" message="expected [true] but found [false]">
      <![CDATA[java.lang.AssertionError: expected [true] but found [false]
at com.mindtree.runner.Tc010_payrent.reent(Tc010_payrent.java:33)
at java.base/java.util.ArrayList.forEach(ArrayList.java:1511)
... Removed 31 stack frames]]>
    </failure>
  </testcase> <!-- reent -->
</testsuite> <!-- Test10 -->
