<?xml version="1.0" encoding="UTF-8"?>
<!-- Generated by org.testng.reporters.JUnitXMLReporter -->
<testsuite ignored="0" hostname="minddec497" failures="0" tests="3" name="Test6" time="26.602" errors="0" timestamp="2022-03-28T09:37:17 GMT+05:30">
  <testcase classname="com.mindtree.runner.Tc006_menuBar" name="setUp" time="0.018"/>
  <testcase classname="com.mindtree.runner.Tc006_menuBar" name="openNobroker" time="1.867"/>
  <testcase classname="com.mindtree.runner.Tc006_menuBar" name="menubar" time="22.972"/>
</testsuite> <!-- Test6 -->
