<?xml version="1.0" encoding="UTF-8"?>
<!-- Generated by org.testng.reporters.JUnitXMLReporter -->
<testsuite ignored="0" hostname="minddec497" failures="0" tests="3" name="Test5" time="16.551" errors="0" timestamp="2022-03-28T09:36:50 GMT+05:30">
  <testcase classname="com.mindtree.runner.Tc005_propertyCount" name="setUp" time="0.021"/>
  <testcase classname="com.mindtree.runner.Tc005_propertyCount" name="openNobroker" time="1.69"/>
  <testcase classname="com.mindtree.runner.Tc005_propertyCount" name="counting" time="11.86"/>
</testsuite> <!-- Test5 -->
