<?xml version="1.0" encoding="UTF-8"?>
<!-- Generated by org.testng.reporters.JUnitXMLReporter -->
<testsuite ignored="0" hostname="minddec497" failures="0" tests="3" name="Test7" time="6.361" errors="0" timestamp="2022-03-28T09:37:23 GMT+05:30">
  <testcase classname="com.mindtree.runner.Tc007_ApartmentPrice" name="setUp" time="0.002"/>
  <testcase classname="com.mindtree.runner.Tc007_ApartmentPrice" name="openNobroker" time="1.84"/>
  <testcase classname="com.mindtree.runner.Tc007_ApartmentPrice" name="gprice" time="2.959"/>
</testsuite> <!-- Test7 -->
