<?xml version="1.0" encoding="UTF-8"?>
<!-- Generated by org.testng.reporters.JUnitXMLReporter -->
<testsuite ignored="0" hostname="minddec497" failures="0" tests="3" name="Test4" time="23.802" errors="0" timestamp="2022-03-28T09:36:34 GMT+05:30">
  <testcase classname="com.mindtree.runner.Tc004_EmiCalculator" name="setUp" time="0.015"/>
  <testcase classname="com.mindtree.runner.Tc004_EmiCalculator" name="openNobroker" time="19.552"/>
  <testcase classname="com.mindtree.runner.Tc004_EmiCalculator" name="emicalci" time="2.462"/>
</testsuite> <!-- Test4 -->
